============================================================
Time  2025/11/25 19:07:22 776 
============================================================
[2025/11/25 19:07:22 776] lgi        684  SYS_MSG_LOAD  
[2025/11/25 19:07:22 784] lgi        706  SYS_MSG_REGCB  msp_status_cb  func(48013960) 
[2025/11/25 19:07:22 790] lgi        298  LGI_MSG_INIT  
[2025/11/25 19:07:22 791] lgi        305  lgi  lgi_  268436457  1573451739  
[2025/11/25 19:07:22 794] lgi        403  token:  nil  
[2025/11/25 19:07:22 795] lgi        476  msc cver : 5.0.44.1288  
[2025/11/25 19:07:22 797] lgi        519  ns_enable=  1  
[2025/11/25 19:07:22 798] lgi        531  prot_ver=1  
[2025/11/25 19:07:22 799] lgi        542  prot_type=tcp  
[2025/11/25 19:07:22 805] lgi        693  SYS_MSG_UNLOAD  go bg!  
[2025/11/25 19:07:50 118] lgi        697  SYS_MSG_SHUTDOWN  
============================================================
Time  2025/11/25 19:57:59 382 
============================================================
[2025/11/25 19:57:59 383] lgi        684  SYS_MSG_LOAD  
[2025/11/25 19:57:59 392] lgi        706  SYS_MSG_REGCB  msp_status_cb  func(c4013960) 
[2025/11/25 19:57:59 398] lgi        298  LGI_MSG_INIT  
[2025/11/25 19:57:59 399] lgi        305  lgi  lgi_  268436457  1573451739  
[2025/11/25 19:57:59 401] lgi        403  token:  nil  
[2025/11/25 19:57:59 402] lgi        476  msc cver : 5.0.44.1288  
[2025/11/25 19:57:59 404] lgi        519  ns_enable=  1  
[2025/11/25 19:57:59 405] lgi        531  prot_ver=1  
[2025/11/25 19:57:59 407] lgi        542  prot_type=tcp  
[2025/11/25 19:57:59 412] lgi        693  SYS_MSG_UNLOAD  go bg!  
============================================================
Time  2025/11/25 20:02:43 311 
============================================================
[2025/11/25 20:02:43 311] lgi        684  SYS_MSG_LOAD  
[2025/11/25 20:02:43 320] lgi        706  SYS_MSG_REGCB  msp_status_cb  func(700139a0) 
[2025/11/25 20:02:43 325] lgi        298  LGI_MSG_INIT  
[2025/11/25 20:02:43 326] lgi        305  lgi  lgi_  268436457  1573451739  
[2025/11/25 20:02:43 328] lgi        403  token:  nil  
[2025/11/25 20:02:43 330] lgi        476  msc cver : 5.0.44.1288  
[2025/11/25 20:02:43 331] lgi        519  ns_enable=  1  
[2025/11/25 20:02:43 332] lgi        531  prot_ver=1  
[2025/11/25 20:02:43 333] lgi        542  prot_type=tcp  
[2025/11/25 20:02:43 338] lgi        693  SYS_MSG_UNLOAD  go bg!  
============================================================
Time  2025/11/27 15:20:28 624 
============================================================
[2025/11/27 15:20:28 624] lgi        684  SYS_MSG_LOAD  
[2025/11/27 15:20:28 630] lgi        706  SYS_MSG_REGCB  msp_status_cb  func(580139a0) 
[2025/11/27 15:20:28 633] lgi        298  LGI_MSG_INIT  
[2025/11/27 15:20:28 634] lgi        305  lgi  lgi_  268436457  1573451739  
[2025/11/27 15:20:28 636] lgi        403  token:  nil  
[2025/11/27 15:20:28 637] lgi        476  msc cver : 5.0.44.1288  
[2025/11/27 15:20:28 638] lgi        519  ns_enable=  1  
[2025/11/27 15:20:28 639] lgi        531  prot_ver=1  
[2025/11/27 15:20:28 640] lgi        542  prot_type=tcp  
[2025/11/27 15:20:28 643] lgi        693  SYS_MSG_UNLOAD  go bg!  
============================================================
Time  2025/11/27 15:34:20 780 
============================================================
[2025/11/27 15:34:20 780] lgi        684  SYS_MSG_LOAD  
[2025/11/27 15:34:20 784] lgi        706  SYS_MSG_REGCB  msp_status_cb  func(340139a0) 
[2025/11/27 15:34:20 788] lgi        298  LGI_MSG_INIT  
[2025/11/27 15:34:20 789] lgi        305  lgi  lgi_  268436457  1573451739  
[2025/11/27 15:34:20 790] lgi        403  token:  nil  
[2025/11/27 15:34:20 790] lgi        476  msc cver : 5.0.44.1288  
[2025/11/27 15:34:20 791] lgi        519  ns_enable=  1  
[2025/11/27 15:34:20 792] lgi        531  prot_ver=1  
[2025/11/27 15:34:20 793] lgi        542  prot_type=tcp  
[2025/11/27 15:34:20 795] lgi        693  SYS_MSG_UNLOAD  go bg!  
============================================================
Time  2025/11/27 15:55:22 348 
============================================================
[2025/11/27 15:55:22 349] lgi        684  SYS_MSG_LOAD  
[2025/11/27 15:55:22 353] lgi        706  SYS_MSG_REGCB  msp_status_cb  func(1c0139a0) 
[2025/11/27 15:55:22 357] lgi        298  LGI_MSG_INIT  
[2025/11/27 15:55:22 357] lgi        305  lgi  lgi_  268436457  1573451739  
[2025/11/27 15:55:22 359] lgi        403  token:  nil  
[2025/11/27 15:55:22 359] lgi        476  msc cver : 5.0.44.1288  
[2025/11/27 15:55:22 361] lgi        519  ns_enable=  1  
[2025/11/27 15:55:22 362] lgi        531  prot_ver=1  
[2025/11/27 15:55:22 362] lgi        542  prot_type=tcp  
[2025/11/27 15:55:22 365] lgi        693  SYS_MSG_UNLOAD  go bg!  
============================================================
Time  2025/11/28 09:13:48 972 
============================================================
[2025/11/28 09:13:48 972] lgi        684  SYS_MSG_LOAD  
[2025/11/28 09:13:48 982] lgi        706  SYS_MSG_REGCB  msp_status_cb  func(940537a0) 
[2025/11/28 09:13:48 988] lgi        298  LGI_MSG_INIT  
[2025/11/28 09:13:48 990] lgi        305  lgi  lgi_  268436457  1573451739  
[2025/11/28 09:13:48 992] lgi        403  token:  nil  
[2025/11/28 09:13:48 993] lgi        476  msc cver : 5.0.44.1288  
[2025/11/28 09:13:48 995] lgi        519  ns_enable=  1  
[2025/11/28 09:13:48 997] lgi        531  prot_ver=1  
[2025/11/28 09:13:48 998] lgi        542  prot_type=tcp  
[2025/11/28 09:13:49 004] lgi        693  SYS_MSG_UNLOAD  go bg!  
