============================================================
Time  2025/11/25 19:57:59 513 
============================================================
[2025/11/25 19:57:59 515] isr_local  2211 os_type is:  Linux  
[2025/11/25 19:57:59 516] isr_local  2220 SYS_MSG_LOAD_LOCAL  
[2025/11/25 19:57:59 520] isr_local  2249 SYS_MSG_REGCB_LOCAL| param0 =  msp_status_cb  
[2025/11/25 19:57:59 527] isr_local  2249 SYS_MSG_REGCB_LOCAL| param0 =  build_grm_cb  
[2025/11/25 19:57:59 530] isr_local  2262 ASR_LOCAL_MSG_BUILD_GRM  
[2025/11/25 19:57:59 532] isr_local  1903 grm_init | params:  engine_type = local, 		asr_res_path = fo|res/asr/common.jet, sample_rate = 16000, 		grm_build_path = res/asr/GrmBuilld,   
[2025/11/25 19:57:59 533] isr_local  805  engine_type  :  local  
[2025/11/25 19:57:59 535] isr_local  805  asr_res_path  :  fo|res/asr/common.jet  
[2025/11/25 19:57:59 536] isr_local  805  sample_rate  :  16000  
[2025/11/25 19:57:59 537] isr_local  805  grm_build_path  :  res/asr/GrmBuilld  
[2025/11/25 19:57:59 547] isr_local  1002 file count =   1  
[2025/11/25 19:57:59 549] isr_local  925  file open type is:   fo  
[2025/11/25 19:57:59 550] isr_local  958  res/asr/common.jet  0  0  
[2025/11/25 19:57:59 551] isr_local  1020 speech_plus_setting  0  
[2025/11/25 19:57:59 552] isr_local  1033 2  nil  res/asr/common.jet  0  0  
[2025/11/25 19:57:59 557] isr_local  1035 res_ver  2  
[2025/11/25 19:57:59 558] isr_local  1036 res 5  e7d12b5d308404d955c3f764539f9238  
[2025/11/25 19:57:59 560] isr_local  1037 res_new_old_mark  v5pp  
[2025/11/25 19:57:59 561] isr_local  1038 res_usr_name  ""  
[2025/11/25 19:57:59 562] isr_local  1039 res_expires  1771844437  
[2025/11/25 19:57:59 563] isr_local  1040 err  0  
[2025/11/25 19:57:59 565] isr_local  1071 now expires:  1764071879  1771844437  
[2025/11/25 19:57:59 579] isr_local  1644 proc_retcode_grm | errorcode =  0  
[2025/11/25 19:57:59 666] isr_local  2022 grammar id:call  
[2025/11/25 19:57:59 668] isr_local  1636 onGrmLocalServiceCb  0  call  
