============================================================
Time  2025/11/25 20:02:43 429 
============================================================
[2025/11/25 20:02:43 430] isr_local  2211 os_type is:  Linux  
[2025/11/25 20:02:43 432] isr_local  2220 SYS_MSG_LOAD_LOCAL  
[2025/11/25 20:02:43 434] isr_local  2249 SYS_MSG_REGCB_LOCAL| param0 =  msp_status_cb  
[2025/11/25 20:02:43 438] isr_local  2249 SYS_MSG_REGCB_LOCAL| param0 =  build_grm_cb  
[2025/11/25 20:02:43 442] isr_local  2262 ASR_LOCAL_MSG_BUILD_GRM  
[2025/11/25 20:02:43 443] isr_local  1903 grm_init | params:  engine_type = local, 		asr_res_path = fo|res/asr/common.jet, sample_rate = 16000, 		grm_build_path = res/asr/GrmBuilld,   
[2025/11/25 20:02:43 445] isr_local  805  engine_type  :  local  
[2025/11/25 20:02:43 446] isr_local  805  asr_res_path  :  fo|res/asr/common.jet  
[2025/11/25 20:02:43 447] isr_local  805  sample_rate  :  16000  
[2025/11/25 20:02:43 447] isr_local  805  grm_build_path  :  res/asr/GrmBuilld  
[2025/11/25 20:02:43 453] isr_local  1002 file count =   1  
[2025/11/25 20:02:43 455] isr_local  925  file open type is:   fo  
[2025/11/25 20:02:43 456] isr_local  958  res/asr/common.jet  0  0  
[2025/11/25 20:02:43 457] isr_local  1020 speech_plus_setting  0  
[2025/11/25 20:02:43 458] isr_local  1033 2  nil  res/asr/common.jet  0  0  
[2025/11/25 20:02:43 461] isr_local  1035 res_ver  2  
[2025/11/25 20:02:43 463] isr_local  1036 res 5  e7d12b5d308404d955c3f764539f9238  
[2025/11/25 20:02:43 464] isr_local  1037 res_new_old_mark  v5pp  
[2025/11/25 20:02:43 465] isr_local  1038 res_usr_name  ""  
[2025/11/25 20:02:43 467] isr_local  1039 res_expires  1771844437  
[2025/11/25 20:02:43 468] isr_local  1040 err  0  
[2025/11/25 20:02:43 469] isr_local  1071 now expires:  1764072163  1771844437  
[2025/11/25 20:02:43 480] isr_local  1644 proc_retcode_grm | errorcode =  0  
[2025/11/25 20:02:43 538] isr_local  2022 grammar id:call  
[2025/11/25 20:02:43 540] isr_local  1636 onGrmLocalServiceCb  0  call  
