============================================================
Time  2025/11/25 19:07:30 955 
============================================================
[2025/11/25 19:07:30 956] isr_local  2211 os_type is:  Linux  
[2025/11/25 19:07:30 958] isr_local  2220 SYS_MSG_LOAD_LOCAL  
[2025/11/25 19:07:30 963] isr_local  2249 SYS_MSG_REGCB_LOCAL| param0 =  msp_status_cb  
[2025/11/25 19:07:30 972] isr_local  2249 SYS_MSG_REGCB_LOCAL| param0 =  update_lex_cb  
[2025/11/25 19:07:31 016] isr_local  2275 ASR_LOCAL_MSG_UPDATE_LEX  
[2025/11/25 19:07:31 017] isr_local  1903 grm_init | params:  engine_type = local, text_encoding = UTF-8, 		asr_res_path = fo|res/asr/common.jet, sample_rate = 16000, 		grm_build_path = res/asr/GrmBuilld, grammar_list = call,   
[2025/11/25 19:07:31 018] isr_local  805  engine_type  :  local  
[2025/11/25 19:07:31 020] isr_local  805  text_encoding  :  UTF-8  
[2025/11/25 19:07:31 021] isr_local  805  asr_res_path  :  fo|res/asr/common.jet  
[2025/11/25 19:07:31 034] isr_local  805  sample_rate  :  16000  
[2025/11/25 19:07:31 042] isr_local  805  grm_build_path  :  res/asr/GrmBuilld  
[2025/11/25 19:07:31 047] isr_local  805  grammar_list  :  call  
[2025/11/25 19:07:31 063] isr_local  1002 file count =   1  
[2025/11/25 19:07:31 066] isr_local  925  file open type is:   fo  
[2025/11/25 19:07:31 070] isr_local  958  res/asr/common.jet  0  0  
[2025/11/25 19:07:31 072] isr_local  1020 speech_plus_setting  0  
[2025/11/25 19:07:31 079] isr_local  1033 2  nil  res/asr/common.jet  0  0  
[2025/11/25 19:07:31 084] isr_local  1035 res_ver  2  
[2025/11/25 19:07:31 085] isr_local  1036 res 5  e7d12b5d308404d955c3f764539f9238  
[2025/11/25 19:07:31 086] isr_local  1037 res_new_old_mark  v5pp  
[2025/11/25 19:07:31 087] isr_local  1038 res_usr_name  ""  
[2025/11/25 19:07:31 088] isr_local  1039 res_expires  1771844437  
[2025/11/25 19:07:31 090] isr_local  1040 err  0  
[2025/11/25 19:07:31 091] isr_local  1071 now expires:  1764068851  1771844437  
[2025/11/25 19:07:31 098] isr_local  2284 update dict  
[2025/11/25 19:07:31 103] isr_local  1760 contact  call  
[2025/11/25 19:07:31 114] isr_local  1811 grm_list grm name:   call  
[2025/11/25 19:07:31 120] isr_local  1644 proc_retcode_grm | errorcode =  0  
[2025/11/25 19:07:31 158] isr_local  2022 grammar id:call  
[2025/11/25 19:07:31 160] isr_local  1636 onGrmLocalServiceCb  0  call  
