============================================================
Time  2025/11/28 09:13:49 106 
============================================================
[2025/11/28 09:13:49 107] isr_local  2211 os_type is:  Linux  
[2025/11/28 09:13:49 109] isr_local  2220 SYS_MSG_LOAD_LOCAL  
[2025/11/28 09:13:49 114] isr_local  2249 SYS_MSG_REGCB_LOCAL| param0 =  msp_status_cb  
[2025/11/28 09:13:49 121] isr_local  2249 SYS_MSG_REGCB_LOCAL| param0 =  build_grm_cb  
[2025/11/28 09:13:49 125] isr_local  2262 ASR_LOCAL_MSG_BUILD_GRM  
[2025/11/28 09:13:49 126] isr_local  1903 grm_init | params:  engine_type = local, 		asr_res_path = fo|res/asr/common.jet, sample_rate = 16000, 		grm_build_path = res/asr/GrmBuilld,   
[2025/11/28 09:13:49 129] isr_local  805  engine_type  :  local  
[2025/11/28 09:13:49 130] isr_local  805  asr_res_path  :  fo|res/asr/common.jet  
[2025/11/28 09:13:49 131] isr_local  805  sample_rate  :  16000  
[2025/11/28 09:13:49 132] isr_local  805  grm_build_path  :  res/asr/GrmBuilld  
[2025/11/28 09:13:49 140] isr_local  1002 file count =   1  
[2025/11/28 09:13:49 142] isr_local  925  file open type is:   fo  
[2025/11/28 09:13:49 143] isr_local  958  res/asr/common.jet  0  0  
[2025/11/28 09:13:49 144] isr_local  1020 speech_plus_setting  0  
[2025/11/28 09:13:49 145] isr_local  1033 2  nil  res/asr/common.jet  0  0  
[2025/11/28 09:13:49 150] isr_local  1035 res_ver  2  
[2025/11/28 09:13:49 151] isr_local  1036 res 5  e7d12b5d308404d955c3f764539f9238  
[2025/11/28 09:13:49 152] isr_local  1037 res_new_old_mark  v5pp  
[2025/11/28 09:13:49 153] isr_local  1038 res_usr_name  ""  
[2025/11/28 09:13:49 154] isr_local  1039 res_expires  1771844437  
[2025/11/28 09:13:49 155] isr_local  1040 err  0  
[2025/11/28 09:13:49 156] isr_local  1071 now expires:  1764292429  1771844437  
[2025/11/28 09:13:49 183] isr_local  1644 proc_retcode_grm | errorcode =  0  
[2025/11/28 09:13:49 262] isr_local  2022 grammar id:call  
[2025/11/28 09:13:49 264] isr_local  1636 onGrmLocalServiceCb  0  call  
