============================================================
Time  2025/11/27 15:20:28 697 
============================================================
[2025/11/27 15:20:28 698] isr_local  2211 os_type is:  Linux  
[2025/11/27 15:20:28 699] isr_local  2220 SYS_MSG_LOAD_LOCAL  
[2025/11/27 15:20:28 701] isr_local  2249 SYS_MSG_REGCB_LOCAL| param0 =  msp_status_cb  
[2025/11/27 15:20:28 704] isr_local  2249 SYS_MSG_REGCB_LOCAL| param0 =  build_grm_cb  
[2025/11/27 15:20:28 706] isr_local  2262 ASR_LOCAL_MSG_BUILD_GRM  
[2025/11/27 15:20:28 707] isr_local  1903 grm_init | params:  engine_type = local, 		asr_res_path = fo|res/asr/common.jet, sample_rate = 16000, 		grm_build_path = res/asr/GrmBuilld,   
[2025/11/27 15:20:28 707] isr_local  805  engine_type  :  local  
[2025/11/27 15:20:28 708] isr_local  805  asr_res_path  :  fo|res/asr/common.jet  
[2025/11/27 15:20:28 709] isr_local  805  sample_rate  :  16000  
[2025/11/27 15:20:28 709] isr_local  805  grm_build_path  :  res/asr/GrmBuilld  
[2025/11/27 15:20:28 713] isr_local  1002 file count =   1  
[2025/11/27 15:20:28 713] isr_local  925  file open type is:   fo  
[2025/11/27 15:20:28 714] isr_local  958  res/asr/common.jet  0  0  
[2025/11/27 15:20:28 715] isr_local  1020 speech_plus_setting  0  
[2025/11/27 15:20:28 715] isr_local  1033 2  nil  res/asr/common.jet  0  0  
[2025/11/27 15:20:28 718] isr_local  1035 res_ver  2  
[2025/11/27 15:20:28 719] isr_local  1036 res 5  e7d12b5d308404d955c3f764539f9238  
[2025/11/27 15:20:28 719] isr_local  1037 res_new_old_mark  v5pp  
[2025/11/27 15:20:28 720] isr_local  1038 res_usr_name  ""  
[2025/11/27 15:20:28 720] isr_local  1039 res_expires  1771844437  
[2025/11/27 15:20:28 721] isr_local  1040 err  0  
[2025/11/27 15:20:28 722] isr_local  1071 now expires:  1764228028  1771844437  
[2025/11/27 15:20:28 731] isr_local  1644 proc_retcode_grm | errorcode =  0  
[2025/11/27 15:20:28 783] isr_local  2022 grammar id:call  
[2025/11/27 15:20:28 784] isr_local  1636 onGrmLocalServiceCb  0  call  
